{
  "stats": {
    "suites": 1,
    "tests": 10,
    "passes": 10,
    "pending": 0,
    "failures": 0,
    "start": "2026-02-21T20:07:36.887Z",
    "end": "2026-02-21T20:10:18.244Z",
    "duration": 161357,
    "testsRegistered": 10,
    "passPercent": 100,
    "pendingPercent": 0,
    "other": 0,
    "hasOther": false,
    "skipped": 0,
    "hasSkipped": false
  },
  "results": [
    {
      "uuid": "37ebd2ce-c819-4bd5-867c-03abadd9d4a3",
      "title": "",
      "fullFile": "cypress\\e2e\\spanish-language.cy.ts",
      "file": "cypress\\e2e\\spanish-language.cy.ts",
      "beforeHooks": [],
      "afterHooks": [],
      "tests": [],
      "suites": [
        {
          "uuid": "617d77d5-26b1-4de0-ba9f-4a6859c0e368",
          "title": "Spanish Language Test",
          "fullFile": "",
          "file": "",
          "beforeHooks": [],
          "afterHooks": [],
          "tests": [
            {
              "title": "should load the homepage successfully",
              "fullTitle": "Spanish Language Test should load the homepage successfully",
              "timedOut": null,
              "duration": 18291,
              "state": "passed",
              "speed": "slow",
              "pass": true,
              "fail": false,
              "pending": false,
              "context": null,
              "code": "// Check that page loads\ncy.url().should(\"include\", \"localhost:3000\");\n// Verify page is loaded with title or body content\ncy.get(\"body\").should(\"be.visible\");",
              "err": {},
              "uuid": "ae9db171-3bc1-4d26-a2cd-1a2d06fdd71f",
              "parentUUID": "617d77d5-26b1-4de0-ba9f-4a6859c0e368",
              "isHook": false,
              "skipped": false
            },
            {
              "title": "should have a language switcher",
              "fullTitle": "Spanish Language Test should have a language switcher",
              "timedOut": null,
              "duration": 12704,
              "state": "passed",
              "speed": "slow",
              "pass": true,
              "fail": false,
              "pending": false,
              "context": null,
              "code": "// Look for the rounded button with flag (based on LanguageChanger component)\n// The component renders a button with SVG flags and is w-28 h-12 rounded-full\ncy.get(\"nav, header\")\n    .find(\"button\")\n    .filter(\":visible\")\n    .should(\"have.length.greaterThan\", 0);\n// More specific: look for button containing SVG (the flag)\ncy.get(\"button\").find(\"svg\").should(\"exist\");\ncy.log(\"✓ Language switcher button with flag found\");",
              "err": {},
              "uuid": "e438e173-f9d7-450a-bb8e-19e8dfc5ce4a",
              "parentUUID": "617d77d5-26b1-4de0-ba9f-4a6859c0e368",
              "isHook": false,
              "skipped": false
            },
            {
              "title": "should have a navbar dropdown with Spanish flag",
              "fullTitle": "Spanish Language Test should have a navbar dropdown with Spanish flag",
              "timedOut": null,
              "duration": 11471,
              "state": "passed",
              "speed": "slow",
              "pass": true,
              "fail": false,
              "pending": false,
              "context": null,
              "code": "// Find and click the language dropdown button (has SVG flag inside)\ncy.get(\"button\").filter(\":has(svg)\").filter(\":visible\").first().click();\n// Wait for dropdown to open\ncy.wait(500);\n// Verify dropdown appears with \"Español\" option\ncy.contains(\"Español\").should(\"be.visible\");\ncy.log(\"✓ Navbar dropdown opened and Spanish option visible\");",
              "err": {},
              "uuid": "281d16ef-fdc3-4d22-a209-0834754a50f8",
              "parentUUID": "617d77d5-26b1-4de0-ba9f-4a6859c0e368",
              "isHook": false,
              "skipped": false
            },
            {
              "title": "should switch to Spanish using navbar dropdown flag",
              "fullTitle": "Spanish Language Test should switch to Spanish using navbar dropdown flag",
              "timedOut": null,
              "duration": 13668,
              "state": "passed",
              "speed": "slow",
              "pass": true,
              "fail": false,
              "pending": false,
              "context": null,
              "code": "// Click the language dropdown button\ncy.get(\"button\").filter(\":has(svg)\").filter(\":visible\").first().click();\n// Wait for dropdown to open\ncy.wait(500);\n// Click on \"Español\" option in the dropdown\ncy.contains(\"Español\").click();\n// Wait for navigation\ncy.wait(2000);\n// Verify URL changed to Spanish\ncy.url().should(\"include\", \"/es\");\n// Verify Spanish content is displayed\ncy.get(\"body\").then(function ($body) {\n    var spanishTerms = [\"Inicio\", \"Nosotros\", \"Servicios\", \"Contacto\"];\n    var bodyText = $body.text();\n    var hasSpanishTerm = spanishTerms.some(function (term) {\n        return bodyText.includes(term);\n    });\n    expect(hasSpanishTerm, \"Should display Spanish content\").to.be.true;\n});\ncy.log(\"✓ Successfully switched to Spanish using navbar dropdown flag\");",
              "err": {},
              "uuid": "5af12183-3b75-4cce-b063-4f8e25ed2ef9",
              "parentUUID": "617d77d5-26b1-4de0-ba9f-4a6859c0e368",
              "isHook": false,
              "skipped": false
            },
            {
              "title": "should switch to Spanish when language selector is clicked",
              "fullTitle": "Spanish Language Test should switch to Spanish when language selector is clicked",
              "timedOut": null,
              "duration": 12192,
              "state": "passed",
              "speed": "slow",
              "pass": true,
              "fail": false,
              "pending": false,
              "context": null,
              "code": "// Click the language dropdown button\ncy.get(\"button\").filter(\":has(svg)\").filter(\":visible\").first().click();\n// Wait for dropdown\ncy.wait(500);\n// Click Español option\ncy.contains(\"Español\").click();\n// Wait for page to load\ncy.wait(2000);\n// Verify URL contains /es/ for Spanish\ncy.url().should(\"include\", \"/es\");",
              "err": {},
              "uuid": "c3450e33-678a-4db8-8f61-44a400c2cd63",
              "parentUUID": "617d77d5-26b1-4de0-ba9f-4a6859c0e368",
              "isHook": false,
              "skipped": false
            },
            {
              "title": "should display Spanish content after switching language",
              "fullTitle": "Spanish Language Test should display Spanish content after switching language",
              "timedOut": null,
              "duration": 17265,
              "state": "passed",
              "speed": "slow",
              "pass": true,
              "fail": false,
              "pending": false,
              "context": null,
              "code": "// Switch to Spanish\ncy.get(\"body\").then(function ($body) {\n    if ($body.find('[href*=\"/es\"]').length > 0) {\n        cy.get('[href*=\"/es\"]').first().click();\n    }\n    else {\n        // If no ES link, visit /es directly\n        cy.visit(\"/es\");\n    }\n});\n// Wait for content to load\ncy.wait(1500);\n// Check for common Spanish words in the page\ncy.get(\"body\").then(function ($body) {\n    var spanishTerms = [\"Nosotros\", \"Servicios\", \"Contacto\", \"Inicio\"];\n    var bodyText = $body.text();\n    var hasSpanishContent = spanishTerms.some(function (term) {\n        return bodyText.includes(term);\n    });\n    expect(hasSpanishContent, \"Page should contain Spanish content after language switch\").to.be.true;\n});",
              "err": {},
              "uuid": "8bc1fbf3-770f-4310-97c2-32fcdf3a6c57",
              "parentUUID": "617d77d5-26b1-4de0-ba9f-4a6859c0e368",
              "isHook": false,
              "skipped": false
            },
            {
              "title": "should have Spanish navigation menu items",
              "fullTitle": "Spanish Language Test should have Spanish navigation menu items",
              "timedOut": null,
              "duration": 17892,
              "state": "passed",
              "speed": "slow",
              "pass": true,
              "fail": false,
              "pending": false,
              "context": null,
              "code": "// Navigate to Spanish version\ncy.visit(\"/es\");\n// Wait for page load\ncy.wait(1500);\n// Check for Spanish navigation terms\nvar spanishTerms = [\n    \"Inicio\",\n    \"Nosotros\",\n    \"Servicios\",\n    \"Ubicaciones\",\n    \"Contacto\",\n];\ncy.get('nav, header, [role=\"navigation\"]').then(function ($nav) {\n    var navText = $nav.text();\n    var hasSpanishTerm = spanishTerms.some(function (term) {\n        return navText.includes(term);\n    });\n    expect(hasSpanishTerm).to.be.true;\n});",
              "err": {},
              "uuid": "ed10db69-c6ad-46c2-8d5a-3816e64ba821",
              "parentUUID": "617d77d5-26b1-4de0-ba9f-4a6859c0e368",
              "isHook": false,
              "skipped": false
            },
            {
              "title": "should maintain Spanish language on page navigation",
              "fullTitle": "Spanish Language Test should maintain Spanish language on page navigation",
              "timedOut": null,
              "duration": 17494,
              "state": "passed",
              "speed": "slow",
              "pass": true,
              "fail": false,
              "pending": false,
              "context": null,
              "code": "// Visit Spanish homepage\ncy.visit(\"/es\");\ncy.wait(1000);\n// Find and click a link (if available)\ncy.get('a[href*=\"/es\"]')\n    .first()\n    .then(function ($link) {\n    if ($link.length > 0) {\n        cy.wrap($link).click();\n        // Verify still on Spanish version\n        cy.url().should(\"include\", \"/es\");\n    }\n});",
              "err": {},
              "uuid": "592270cf-572c-493c-a683-e006794f6650",
              "parentUUID": "617d77d5-26b1-4de0-ba9f-4a6859c0e368",
              "isHook": false,
              "skipped": false
            },
            {
              "title": "should display forms in Spanish",
              "fullTitle": "Spanish Language Test should display forms in Spanish",
              "timedOut": null,
              "duration": 17931,
              "state": "passed",
              "speed": "slow",
              "pass": true,
              "fail": false,
              "pending": false,
              "context": null,
              "code": "// Visit Spanish version\ncy.visit(\"/es\");\ncy.wait(1500);\n// Look for form elements with Spanish labels\ncy.get(\"body\").then(function ($body) {\n    var spanishFormTerms = [\n        \"Nombre\",\n        \"Correo\",\n        \"Email\",\n        \"Teléfono\",\n        \"Mensaje\",\n        \"Enviar\",\n        \"Apellido\",\n    ];\n    var bodyText = $body.text();\n    var hasSpanishFormTerm = spanishFormTerms.some(function (term) {\n        return bodyText.includes(term);\n    });\n    // If forms exist, they should have Spanish labels\n    if ($body.find('form, input, textarea, button[type=\"submit\"]').length > 0) {\n        expect(hasSpanishFormTerm).to.be.true;\n    }\n});",
              "err": {},
              "uuid": "6b7f1fcd-f993-4197-960c-4ad4f44cfb10",
              "parentUUID": "617d77d5-26b1-4de0-ba9f-4a6859c0e368",
              "isHook": false,
              "skipped": false
            },
            {
              "title": "should show error messages in Spanish",
              "fullTitle": "Spanish Language Test should show error messages in Spanish",
              "timedOut": null,
              "duration": 21295,
              "state": "passed",
              "speed": "slow",
              "pass": true,
              "fail": false,
              "pending": false,
              "context": null,
              "code": "// Visit Spanish version\ncy.visit(\"/es\");\ncy.wait(1000);\n// Try to find and submit a form without required fields\ncy.get(\"form\")\n    .first()\n    .then(function ($form) {\n    if ($form.length > 0) {\n        // Find submit button\n        cy.get('button[type=\"submit\"], input[type=\"submit\"]')\n            .first()\n            .click({ force: true });\n        // Wait for validation\n        cy.wait(500);\n        // Check for Spanish error messages\n        cy.get(\"body\").then(function ($body) {\n            var spanishErrors = [\n                \"requerido\",\n                \"obligatorio\",\n                \"necesario\",\n                \"error\",\n                \"inválido\",\n                \"campo\",\n            ];\n            var bodyText = $body.text().toLowerCase();\n            var hasSpanishError = spanishErrors.some(function (term) {\n                return bodyText.includes(term);\n            });\n            // Log for debugging\n            cy.log(\"Checking for Spanish error messages\");\n        });\n    }\n});",
              "err": {},
              "uuid": "0487505a-2059-49c0-9842-fd68902d13da",
              "parentUUID": "617d77d5-26b1-4de0-ba9f-4a6859c0e368",
              "isHook": false,
              "skipped": false
            }
          ],
          "suites": [],
          "passes": [
            "ae9db171-3bc1-4d26-a2cd-1a2d06fdd71f",
            "e438e173-f9d7-450a-bb8e-19e8dfc5ce4a",
            "281d16ef-fdc3-4d22-a209-0834754a50f8",
            "5af12183-3b75-4cce-b063-4f8e25ed2ef9",
            "c3450e33-678a-4db8-8f61-44a400c2cd63",
            "8bc1fbf3-770f-4310-97c2-32fcdf3a6c57",
            "ed10db69-c6ad-46c2-8d5a-3816e64ba821",
            "592270cf-572c-493c-a683-e006794f6650",
            "6b7f1fcd-f993-4197-960c-4ad4f44cfb10",
            "0487505a-2059-49c0-9842-fd68902d13da"
          ],
          "failures": [],
          "pending": [],
          "skipped": [],
          "duration": 160203,
          "root": false,
          "rootEmpty": false,
          "_timeout": 2000
        }
      ],
      "passes": [],
      "failures": [],
      "pending": [],
      "skipped": [],
      "duration": 0,
      "root": true,
      "rootEmpty": true,
      "_timeout": 2000
    }
  ],
  "meta": {
    "mocha": {
      "version": "7.0.1"
    },
    "mochawesome": {
      "options": {
        "quiet": false,
        "reportFilename": "mochawesome",
        "saveHtml": true,
        "saveJson": true,
        "consoleReporter": "spec",
        "useInlineDiffs": false,
        "code": true
      },
      "version": "7.1.4"
    },
    "marge": {
      "options": {
        "reportDir": "cypress/results",
        "overwrite": false,
        "html": true,
        "json": true,
        "timestamp": "mmddyyyy_HHMMss",
        "charts": true,
        "reportPageTitle": "Clinicsanmiguel Test Report",
        "embeddedScreenshots": true,
        "inlineAssets": true
      },
      "version": "6.3.2"
    }
  }
}