{
  "stats": {
    "suites": 1,
    "tests": 10,
    "passes": 4,
    "pending": 0,
    "failures": 6,
    "start": "2026-02-21T19:15:41.317Z",
    "end": "2026-02-21T19:26:15.065Z",
    "duration": 633748,
    "testsRegistered": 10,
    "passPercent": 40,
    "pendingPercent": 0,
    "other": 0,
    "hasOther": false,
    "skipped": 0,
    "hasSkipped": false
  },
  "results": [
    {
      "uuid": "db378c75-9121-4a34-8cb3-8cb16d6d0f05",
      "title": "",
      "fullFile": "cypress\\e2e\\spanish-language.cy.ts",
      "file": "cypress\\e2e\\spanish-language.cy.ts",
      "beforeHooks": [],
      "afterHooks": [],
      "tests": [],
      "suites": [
        {
          "uuid": "50add18f-f53c-4fcc-b664-1a792e9db4ff",
          "title": "Spanish Language Test",
          "fullFile": "",
          "file": "",
          "beforeHooks": [],
          "afterHooks": [],
          "tests": [
            {
              "title": "should load the homepage successfully",
              "fullTitle": "Spanish Language Test should load the homepage successfully",
              "timedOut": null,
              "duration": 27471,
              "state": "failed",
              "speed": null,
              "pass": false,
              "fail": true,
              "pending": false,
              "context": null,
              "code": "// Check that page loads\ncy.url().should(\"include\", \"clinicsanmiguel.com\");",
              "err": {
                "message": "AssertionError: Timed out retrying after 10000ms: expected 'http://localhost:3000/' to include 'clinicsanmiguel.com'",
                "estack": "AssertionError: Timed out retrying after 10000ms: expected 'http://localhost:3000/' to include 'clinicsanmiguel.com'\n    at Context.eval (webpack://clinica-san-miguel/./cypress/e2e/spanish-language.cy.ts:22:0)",
                "diff": null
              },
              "uuid": "bd5a2f23-6668-47c4-a285-93654cd13402",
              "parentUUID": "50add18f-f53c-4fcc-b664-1a792e9db4ff",
              "isHook": false,
              "skipped": false
            },
            {
              "title": "should have a language switcher",
              "fullTitle": "Spanish Language Test should have a language switcher",
              "timedOut": null,
              "duration": 13640,
              "state": "failed",
              "speed": null,
              "pass": false,
              "fail": true,
              "pending": false,
              "context": null,
              "code": "// Look for language selector/button\ncy.get(\"body\").then(function ($body) {\n    // Check if ES or Spanish language option exists\n    var hasLanguageSwitch = $body.find('[href*=\"/es\"]').length > 0 ||\n        $body.find('[data-language=\"es\"]').length > 0 ||\n        $body.text().includes(\"ES\") ||\n        $body.text().includes(\"Español\");\n    expect(hasLanguageSwitch).to.be.true;\n});",
              "err": {
                "message": "AssertionError: expected false to be true",
                "estack": "AssertionError: expected false to be true\n    at Context.eval (webpack://clinica-san-miguel/./cypress/e2e/spanish-language.cy.ts:32:0)",
                "diff": null
              },
              "uuid": "1d3704d3-3c7d-4b02-89f2-55687089eb56",
              "parentUUID": "50add18f-f53c-4fcc-b664-1a792e9db4ff",
              "isHook": false,
              "skipped": false
            },
            {
              "title": "should have a navbar dropdown with Spanish flag",
              "fullTitle": "Spanish Language Test should have a navbar dropdown with Spanish flag",
              "timedOut": null,
              "duration": 22133,
              "state": "failed",
              "speed": null,
              "pass": false,
              "fail": true,
              "pending": false,
              "context": null,
              "code": "// Find the navbar\ncy.get('nav, header, [role=\"navigation\"]').should(\"exist\");\n// Look for language dropdown toggle button\n// Common patterns: language selector, flag, language icon\ncy.get(\"nav, header\").within(function () {\n    // Try to find dropdown button or toggle\n    cy.get(\"body\").then(function ($body) {\n        var e_1, _a;\n        // Look for dropdown trigger (button, div, or link with dropdown functionality)\n        var dropdownSelectors = [\n            'button:has(img[alt*=\"flag\"])',\n            'button:has(img[src*=\"flag\"])',\n            '[class*=\"language\"]',\n            '[class*=\"Language\"]',\n            '[data-testid*=\"language\"]',\n            '[aria-label*=\"language\" i]',\n            '[aria-label*=\"idioma\" i]',\n        ];\n        var dropdownFound = false;\n        try {\n            // Try each selector\n            for (var dropdownSelectors_1 = __values(dropdownSelectors), dropdownSelectors_1_1 = dropdownSelectors_1.next(); !dropdownSelectors_1_1.done; dropdownSelectors_1_1 = dropdownSelectors_1.next()) {\n                var selector = dropdownSelectors_1_1.value;\n                if ($body.find(selector).length > 0) {\n                    cy.get(selector).first().click({ force: true });\n                    dropdownFound = true;\n                    break;\n                }\n            }\n        }\n        catch (e_1_1) { e_1 = { error: e_1_1 }; }\n        finally {\n            try {\n                if (dropdownSelectors_1_1 && !dropdownSelectors_1_1.done && (_a = dropdownSelectors_1.return)) _a.call(dropdownSelectors_1);\n            }\n            finally { if (e_1) throw e_1.error; }\n        }\n        // If no specific dropdown found, look for any button with flag image\n        if (!dropdownFound) {\n            cy.get(\"nav, header\")\n                .find(\"button, div, a\")\n                .each(function ($el) {\n                var hasFlag = $el.find('img[alt*=\"flag\" i]').length > 0 ||\n                    $el.find('img[src*=\"flag\" i]').length > 0 ||\n                    $el.find('img[alt*=\"ES\"]').length > 0 ||\n                    $el.find('img[alt*=\"EN\"]').length > 0 ||\n                    $el.text().includes(\"🇪🇸\") ||\n                    $el.text().includes(\"🇺🇸\");\n                if (hasFlag) {\n                    cy.wrap($el).click({ force: true });\n                    return false; // break the loop\n                }\n            });\n        }\n    });\n});\n// Wait for dropdown to open\ncy.wait(500);\n// Look for Spanish flag option in the dropdown\ncy.get(\"body\").then(function ($body) {\n    // Check if Spanish flag or ES option is visible in dropdown\n    var spanishOptionExists = $body.find('img[alt*=\"spanish\" i]').length > 0 ||\n        $body.find('img[alt*=\"español\" i]').length > 0 ||\n        $body.find('img[src*=\"es.\"]').length > 0 ||\n        $body.find('img[src*=\"spain\"]').length > 0 ||\n        $body.find('[data-language=\"es\"]').length > 0 ||\n        $body.text().includes(\"🇪🇸\") ||\n        $body.text().includes(\"Español\") ||\n        $body.text().includes(\"ES\");\n    expect(spanishOptionExists).to.be.true;\n});\ncy.log(\"✓ Navbar has language dropdown with Spanish flag option\");",
              "err": {
                "message": "CypressError: `cy.within()` can only be called on a single element. Your subject contained 2 elements. Narrow down your subject to a single element (using `.first()`, for example) before calling `.within()`.\n\nTo run `.within()` over multiple subjects, use `.each()`.\n\n  `cy.get('div').each($div => {`\n  `  cy.wrap($div).within(() => { ... })`\n  `})`\n\nhttps://on.cypress.io/within",
                "estack": "CypressError: `cy.within()` can only be called on a single element. Your subject contained 2 elements. Narrow down your subject to a single element (using `.first()`, for example) before calling `.within()`.\n\nTo run `.within()` over multiple subjects, use `.each()`.\n\n  `cy.get('div').each($div => {`\n  `  cy.wrap($div).within(() => { ... })`\n  `})`\n\nhttps://on.cypress.io/within\n    at <unknown> (http://localhost:3000/__cypress/runner/cypress_runner.js:132466:72)\n    at __WEBPACK_DEFAULT_EXPORT__ (http://localhost:3000/__cypress/runner/cypress_runner.js:130425:10)\n    at Context.within (http://localhost:3000/__cypress/runner/cypress_runner.js:132459:67)\n    at wrapped (http://localhost:3000/__cypress/runner/cypress_runner.js:138092:19)\nFrom Your Spec Code:\n    at Context.eval (webpack://clinica-san-miguel/./cypress/e2e/spanish-language.cy.ts:40:0)",
                "diff": null
              },
              "uuid": "8fd429eb-b6fb-4a6d-b11c-6b33b14af385",
              "parentUUID": "50add18f-f53c-4fcc-b664-1a792e9db4ff",
              "isHook": false,
              "skipped": false
            },
            {
              "title": "should switch to Spanish using navbar dropdown flag",
              "fullTitle": "Spanish Language Test should switch to Spanish using navbar dropdown flag",
              "timedOut": null,
              "duration": 26511,
              "state": "failed",
              "speed": null,
              "pass": false,
              "fail": true,
              "pending": false,
              "context": null,
              "code": "// Open the language dropdown in navbar\ncy.get(\"nav, header\").within(function () {\n    // Find and click dropdown toggle\n    cy.get(\"body\").then(function ($body) {\n        var e_2, _a;\n        var dropdownSelectors = [\n            'button:has(img[alt*=\"flag\"])',\n            'button:has(img[src*=\"flag\"])',\n            '[class*=\"language\"]',\n            '[class*=\"Language\"]',\n            '[data-testid*=\"language\"]',\n        ];\n        try {\n            for (var dropdownSelectors_2 = __values(dropdownSelectors), dropdownSelectors_2_1 = dropdownSelectors_2.next(); !dropdownSelectors_2_1.done; dropdownSelectors_2_1 = dropdownSelectors_2.next()) {\n                var selector = dropdownSelectors_2_1.value;\n                if ($body.find(selector).length > 0) {\n                    cy.get(selector).first().click({ force: true });\n                    break;\n                }\n            }\n        }\n        catch (e_2_1) { e_2 = { error: e_2_1 }; }\n        finally {\n            try {\n                if (dropdownSelectors_2_1 && !dropdownSelectors_2_1.done && (_a = dropdownSelectors_2.return)) _a.call(dropdownSelectors_2);\n            }\n            finally { if (e_2) throw e_2.error; }\n        }\n    });\n});\n// Wait for dropdown menu to appear\ncy.wait(500);\n// Click on Spanish flag option\ncy.get(\"body\").then(function ($body) {\n    // Try different selectors for Spanish option\n    if ($body.find('[href*=\"/es\"]').is(\":visible\")) {\n        cy.get('[href*=\"/es\"]').first().click();\n    }\n    else if ($body.find('[data-language=\"es\"]').is(\":visible\")) {\n        cy.get('[data-language=\"es\"]').first().click();\n    }\n    else if ($body.find('img[alt*=\"spanish\" i]').length > 0) {\n        cy.get('img[alt*=\"spanish\" i]').first().parent().click();\n    }\n    else if ($body.find('img[alt*=\"español\" i]').length > 0) {\n        cy.get('img[alt*=\"español\" i]').first().parent().click();\n    }\n    else {\n        // Look for Spanish flag emoji or ES text\n        cy.contains(\"li, a, button, div\", /🇪🇸|Español|ES/)\n            .first()\n            .click();\n    }\n});\n// Wait for navigation\ncy.wait(1500);\n// Verify URL changed to Spanish\ncy.url().should(\"include\", \"/es\");\n// Verify Spanish content is displayed\ncy.get(\"body\").should(\"satisfy\", function ($body) {\n    var spanishTerms = [\"Inicio\", \"Nosotros\", \"Servicios\", \"Contacto\"];\n    return spanishTerms.some(function (term) { return $body.text().includes(term); });\n});\ncy.log(\"✓ Successfully switched to Spanish using navbar dropdown flag\");",
              "err": {
                "message": "CypressError: `cy.within()` can only be called on a single element. Your subject contained 2 elements. Narrow down your subject to a single element (using `.first()`, for example) before calling `.within()`.\n\nTo run `.within()` over multiple subjects, use `.each()`.\n\n  `cy.get('div').each($div => {`\n  `  cy.wrap($div).within(() => { ... })`\n  `})`\n\nhttps://on.cypress.io/within",
                "estack": "CypressError: `cy.within()` can only be called on a single element. Your subject contained 2 elements. Narrow down your subject to a single element (using `.first()`, for example) before calling `.within()`.\n\nTo run `.within()` over multiple subjects, use `.each()`.\n\n  `cy.get('div').each($div => {`\n  `  cy.wrap($div).within(() => { ... })`\n  `})`\n\nhttps://on.cypress.io/within\n    at <unknown> (http://localhost:3000/__cypress/runner/cypress_runner.js:132466:72)\n    at __WEBPACK_DEFAULT_EXPORT__ (http://localhost:3000/__cypress/runner/cypress_runner.js:130425:10)\n    at Context.within (http://localhost:3000/__cypress/runner/cypress_runner.js:132459:67)\n    at wrapped (http://localhost:3000/__cypress/runner/cypress_runner.js:138092:19)\nFrom Your Spec Code:\n    at Context.eval (webpack://clinica-san-miguel/./cypress/e2e/spanish-language.cy.ts:111:0)",
                "diff": null
              },
              "uuid": "4e8d22a7-b648-45d3-bb12-46aa8d44d347",
              "parentUUID": "50add18f-f53c-4fcc-b664-1a792e9db4ff",
              "isHook": false,
              "skipped": false
            },
            {
              "title": "should switch to Spanish when language selector is clicked",
              "fullTitle": "Spanish Language Test should switch to Spanish when language selector is clicked",
              "timedOut": null,
              "duration": 43021,
              "state": "failed",
              "speed": null,
              "pass": false,
              "fail": true,
              "pending": false,
              "context": null,
              "code": "// Try to find and click Spanish language option\ncy.get(\"body\").then(function ($body) {\n    // Try multiple selectors for language switcher\n    if ($body.find('[href*=\"/es\"]').length > 0) {\n        cy.get('[href*=\"/es\"]').first().click();\n    }\n    else if ($body.find('[data-language=\"es\"]').length > 0) {\n        cy.get('[data-language=\"es\"]').first().click();\n    }\n    else if ($body.find(\"button, a\").filter(':contains(\"ES\"), :contains(\"Español\")')\n        .length > 0) {\n        cy.contains(\"button, a\", /ES|Español/)\n            .first()\n            .click();\n    }\n});\n// Wait for page to load\ncy.wait(1000);\n// Verify URL contains /es/ for Spanish\ncy.url().should(\"include\", \"/es\");",
              "err": {
                "message": "AssertionError: Timed out retrying after 10000ms: expected 'http://localhost:3000/' to include '/es'",
                "estack": "AssertionError: Timed out retrying after 10000ms: expected 'http://localhost:3000/' to include '/es'\n    at Context.eval (webpack://clinica-san-miguel/./cypress/e2e/spanish-language.cy.ts:195:0)",
                "diff": null
              },
              "uuid": "94e160f0-00d0-4dc2-a17d-61b5628ec53d",
              "parentUUID": "50add18f-f53c-4fcc-b664-1a792e9db4ff",
              "isHook": false,
              "skipped": false
            },
            {
              "title": "should display Spanish content after switching language",
              "fullTitle": "Spanish Language Test should display Spanish content after switching language",
              "timedOut": null,
              "duration": 21295,
              "state": "failed",
              "speed": null,
              "pass": false,
              "fail": true,
              "pending": false,
              "context": null,
              "code": "// Switch to Spanish\ncy.get(\"body\").then(function ($body) {\n    if ($body.find('[href*=\"/es\"]').length > 0) {\n        cy.get('[href*=\"/es\"]').first().click();\n    }\n});\n// Wait for content to load\ncy.wait(1500);\n// Check for common Spanish words in the page\ncy.get(\"body\")\n    .should(\"contain.text\", \"Nosotros\")\n    .or(\"contain.text\", \"Servicios\")\n    .or(\"contain.text\", \"Contacto\")\n    .or(\"contain.text\", \"Inicio\");",
              "err": {
                "message": "TypeError: cy.get(...).should(...).or is not a function",
                "estack": "TypeError: cy.get(...).should(...).or is not a function\n    at Context.eval (webpack://clinica-san-miguel/./cypress/e2e/spanish-language.cy.ts:209:0)",
                "diff": null
              },
              "uuid": "bc0eb34a-e26f-4d14-be7b-2095880e8e0e",
              "parentUUID": "50add18f-f53c-4fcc-b664-1a792e9db4ff",
              "isHook": false,
              "skipped": false
            },
            {
              "title": "should have Spanish navigation menu items",
              "fullTitle": "Spanish Language Test should have Spanish navigation menu items",
              "timedOut": null,
              "duration": 41330,
              "state": "passed",
              "speed": "slow",
              "pass": true,
              "fail": false,
              "pending": false,
              "context": null,
              "code": "// Navigate to Spanish version\ncy.visit(\"/es\");\n// Wait for page load\ncy.wait(1500);\n// Check for Spanish navigation terms\nvar spanishTerms = [\n    \"Inicio\",\n    \"Nosotros\",\n    \"Servicios\",\n    \"Ubicaciones\",\n    \"Contacto\",\n];\ncy.get('nav, header, [role=\"navigation\"]').then(function ($nav) {\n    var navText = $nav.text();\n    var hasSpanishTerm = spanishTerms.some(function (term) {\n        return navText.includes(term);\n    });\n    expect(hasSpanishTerm).to.be.true;\n});",
              "err": {},
              "uuid": "c55116a0-5d6b-4f3c-b0f5-d094c507296d",
              "parentUUID": "50add18f-f53c-4fcc-b664-1a792e9db4ff",
              "isHook": false,
              "skipped": false
            },
            {
              "title": "should maintain Spanish language on page navigation",
              "fullTitle": "Spanish Language Test should maintain Spanish language on page navigation",
              "timedOut": null,
              "duration": 36553,
              "state": "passed",
              "speed": "slow",
              "pass": true,
              "fail": false,
              "pending": false,
              "context": null,
              "code": "// Visit Spanish homepage\ncy.visit(\"/es\");\ncy.wait(1000);\n// Find and click a link (if available)\ncy.get('a[href*=\"/es\"]')\n    .first()\n    .then(function ($link) {\n    if ($link.length > 0) {\n        cy.wrap($link).click();\n        // Verify still on Spanish version\n        cy.url().should(\"include\", \"/es\");\n    }\n});",
              "err": {},
              "uuid": "fdabd7e9-5a98-4dc6-9321-e4f1c71e5981",
              "parentUUID": "50add18f-f53c-4fcc-b664-1a792e9db4ff",
              "isHook": false,
              "skipped": false
            },
            {
              "title": "should display forms in Spanish",
              "fullTitle": "Spanish Language Test should display forms in Spanish",
              "timedOut": null,
              "duration": 36798,
              "state": "passed",
              "speed": "slow",
              "pass": true,
              "fail": false,
              "pending": false,
              "context": null,
              "code": "// Visit Spanish version\ncy.visit(\"/es\");\ncy.wait(1500);\n// Look for form elements with Spanish labels\ncy.get(\"body\").then(function ($body) {\n    var spanishFormTerms = [\n        \"Nombre\",\n        \"Correo\",\n        \"Email\",\n        \"Teléfono\",\n        \"Mensaje\",\n        \"Enviar\",\n        \"Apellido\",\n    ];\n    var bodyText = $body.text();\n    var hasSpanishFormTerm = spanishFormTerms.some(function (term) {\n        return bodyText.includes(term);\n    });\n    // If forms exist, they should have Spanish labels\n    if ($body.find('form, input, textarea, button[type=\"submit\"]').length > 0) {\n        expect(hasSpanishFormTerm).to.be.true;\n    }\n});",
              "err": {},
              "uuid": "6d219b0a-91c5-4d01-b0ed-b134aa4c7f31",
              "parentUUID": "50add18f-f53c-4fcc-b664-1a792e9db4ff",
              "isHook": false,
              "skipped": false
            },
            {
              "title": "should show error messages in Spanish",
              "fullTitle": "Spanish Language Test should show error messages in Spanish",
              "timedOut": null,
              "duration": 38218,
              "state": "passed",
              "speed": "slow",
              "pass": true,
              "fail": false,
              "pending": false,
              "context": null,
              "code": "// Visit Spanish version\ncy.visit(\"/es\");\ncy.wait(1000);\n// Try to find and submit a form without required fields\ncy.get(\"form\")\n    .first()\n    .then(function ($form) {\n    if ($form.length > 0) {\n        // Find submit button\n        cy.get('button[type=\"submit\"], input[type=\"submit\"]')\n            .first()\n            .click({ force: true });\n        // Wait for validation\n        cy.wait(500);\n        // Check for Spanish error messages\n        cy.get(\"body\").then(function ($body) {\n            var spanishErrors = [\n                \"requerido\",\n                \"obligatorio\",\n                \"necesario\",\n                \"error\",\n                \"inválido\",\n                \"campo\",\n            ];\n            var bodyText = $body.text().toLowerCase();\n            var hasSpanishError = spanishErrors.some(function (term) {\n                return bodyText.includes(term);\n            });\n            // Log for debugging\n            cy.log(\"Checking for Spanish error messages\");\n        });\n    }\n});",
              "err": {},
              "uuid": "b09c6118-4e8b-469d-8057-aec509f19128",
              "parentUUID": "50add18f-f53c-4fcc-b664-1a792e9db4ff",
              "isHook": false,
              "skipped": false
            }
          ],
          "suites": [],
          "passes": [
            "c55116a0-5d6b-4f3c-b0f5-d094c507296d",
            "fdabd7e9-5a98-4dc6-9321-e4f1c71e5981",
            "6d219b0a-91c5-4d01-b0ed-b134aa4c7f31",
            "b09c6118-4e8b-469d-8057-aec509f19128"
          ],
          "failures": [
            "bd5a2f23-6668-47c4-a285-93654cd13402",
            "1d3704d3-3c7d-4b02-89f2-55687089eb56",
            "8fd429eb-b6fb-4a6d-b11c-6b33b14af385",
            "4e8d22a7-b648-45d3-bb12-46aa8d44d347",
            "94e160f0-00d0-4dc2-a17d-61b5628ec53d",
            "bc0eb34a-e26f-4d14-be7b-2095880e8e0e"
          ],
          "pending": [],
          "skipped": [],
          "duration": 306970,
          "root": false,
          "rootEmpty": false,
          "_timeout": 2000
        }
      ],
      "passes": [],
      "failures": [],
      "pending": [],
      "skipped": [],
      "duration": 0,
      "root": true,
      "rootEmpty": true,
      "_timeout": 2000
    }
  ],
  "meta": {
    "mocha": {
      "version": "7.0.1"
    },
    "mochawesome": {
      "options": {
        "quiet": false,
        "reportFilename": "mochawesome",
        "saveHtml": true,
        "saveJson": true,
        "consoleReporter": "spec",
        "useInlineDiffs": false,
        "code": true
      },
      "version": "7.1.4"
    },
    "marge": {
      "options": {
        "reportDir": "cypress/results",
        "overwrite": false,
        "html": true,
        "json": true,
        "timestamp": "mmddyyyy_HHMMss",
        "charts": true,
        "reportPageTitle": "Clinicsanmiguel Test Report",
        "embeddedScreenshots": true,
        "inlineAssets": true
      },
      "version": "6.3.2"
    }
  }
}