{
  "stats": {
    "suites": 15,
    "tests": 42,
    "passes": 36,
    "pending": 0,
    "failures": 6,
    "start": "2026-02-22T18:18:26.125Z",
    "end": "2026-02-22T18:49:15.622Z",
    "duration": 1849497,
    "testsRegistered": 42,
    "passPercent": 85.71428571428571,
    "pendingPercent": 0,
    "other": 0,
    "hasOther": false,
    "skipped": 0,
    "hasSkipped": false
  },
  "results": [
    {
      "uuid": "a81b6cb4-0802-4be4-b3fd-81b2a205efbe",
      "title": "",
      "fullFile": "cypress\\e2e\\navigation.cy.ts",
      "file": "cypress\\e2e\\navigation.cy.ts",
      "beforeHooks": [],
      "afterHooks": [],
      "tests": [],
      "suites": [
        {
          "uuid": "dfc7d1b3-aaf6-497d-9785-889249743681",
          "title": "Navigation and Page Load Test",
          "fullFile": "",
          "file": "",
          "beforeHooks": [],
          "afterHooks": [],
          "tests": [],
          "suites": [
            {
              "uuid": "df498070-0d00-4c59-b34a-d1cd9620d201",
              "title": "Homepage Loading",
              "fullFile": "",
              "file": "",
              "beforeHooks": [],
              "afterHooks": [],
              "tests": [
                {
                  "title": "should load the homepage successfully",
                  "fullTitle": "Navigation and Page Load Test Homepage Loading should load the homepage successfully",
                  "timedOut": null,
                  "duration": 14120,
                  "state": "passed",
                  "speed": "slow",
                  "pass": true,
                  "fail": false,
                  "pending": false,
                  "context": null,
                  "code": "cy.url().should(\"include\", \"localhost:3000\");\ncy.get(\"body\").should(\"be.visible\");",
                  "err": {},
                  "uuid": "fb80aa73-0107-400a-b388-98dadbc13f4b",
                  "parentUUID": "df498070-0d00-4c59-b34a-d1cd9620d201",
                  "isHook": false,
                  "skipped": false
                },
                {
                  "title": "should display all homepage sections",
                  "fullTitle": "Navigation and Page Load Test Homepage Loading should display all homepage sections",
                  "timedOut": null,
                  "duration": 13634,
                  "state": "passed",
                  "speed": "slow",
                  "pass": true,
                  "fail": false,
                  "pending": false,
                  "context": null,
                  "code": "var sections = [\n    \"hero-section\",\n    // Add more section identifiers\n];\n// Check main content loads\ncy.get(\"main\").should(\"be.visible\");\n// Scroll through page to trigger lazy loading\ncy.scrollTo(\"center\");\ncy.wait(1000);\ncy.scrollTo(\"bottom\");\ncy.wait(1000);\n// Verify footer loaded\ncy.get(\"footer\").should(\"be.visible\");",
                  "err": {},
                  "uuid": "4248b862-9611-404e-a59e-f5a4934ed9ae",
                  "parentUUID": "df498070-0d00-4c59-b34a-d1cd9620d201",
                  "isHook": false,
                  "skipped": false
                },
                {
                  "title": "should display phone numbers",
                  "fullTitle": "Navigation and Page Load Test Homepage Loading should display phone numbers",
                  "timedOut": null,
                  "duration": 24427,
                  "state": "failed",
                  "speed": null,
                  "pass": false,
                  "fail": true,
                  "pending": false,
                  "context": null,
                  "code": "cy.get('a[href^=\"tel:\"]').should(\"have.length.greaterThan\", 0);\ncy.get('a[href=\"tel:+14697710829\"]').should(\"be.visible\"); // Dallas\ncy.get('a[href=\"tel:+12102512809\"]').should(\"be.visible\"); // San Antonio",
                  "err": {
                    "message": "AssertionError: Timed out retrying after 10000ms: Expected to find element: `a[href=\"tel:+14697710829\"]`, but never found it.",
                    "estack": "AssertionError: Timed out retrying after 10000ms: Expected to find element: `a[href=\"tel:+14697710829\"]`, but never found it.\n    at Context.eval (webpack://clinica-san-miguel/./cypress/e2e/navigation.cy.ts:31:0)",
                    "diff": null
                  },
                  "uuid": "54cd71ca-4acf-4372-a707-4562bf35b74f",
                  "parentUUID": "df498070-0d00-4c59-b34a-d1cd9620d201",
                  "isHook": false,
                  "skipped": false
                }
              ],
              "suites": [],
              "passes": [
                "fb80aa73-0107-400a-b388-98dadbc13f4b",
                "4248b862-9611-404e-a59e-f5a4934ed9ae"
              ],
              "failures": [
                "54cd71ca-4acf-4372-a707-4562bf35b74f"
              ],
              "pending": [],
              "skipped": [],
              "duration": 52181,
              "root": false,
              "rootEmpty": false,
              "_timeout": 2000
            },
            {
              "uuid": "66aa9b9f-1b00-46fb-bad8-3df5026976cb",
              "title": "Main Navigation Links",
              "fullFile": "",
              "file": "",
              "beforeHooks": [],
              "afterHooks": [],
              "tests": [
                {
                  "title": "should navigate to Home page",
                  "fullTitle": "Navigation and Page Load Test Main Navigation Links should navigate to Home page",
                  "timedOut": null,
                  "duration": 18936,
                  "state": "passed",
                  "speed": "slow",
                  "pass": true,
                  "fail": false,
                  "pending": false,
                  "context": null,
                  "code": "// Click navigation link\ncy.contains(link.name).click();\ncy.wait(2000);\n// Verify URL changed\ncy.url().should(\"include\", link.url);\n// Verify page loaded\ncy.get(\"main\").should(\"be.visible\");\ncy.get(\"body\").should(\"not.be.empty\");",
                  "err": {},
                  "uuid": "496f3c81-a16a-4dba-bb27-4ce0155e89c4",
                  "parentUUID": "66aa9b9f-1b00-46fb-bad8-3df5026976cb",
                  "isHook": false,
                  "skipped": false
                },
                {
                  "title": "should load Home page directly",
                  "fullTitle": "Navigation and Page Load Test Main Navigation Links should load Home page directly",
                  "timedOut": null,
                  "duration": 24569,
                  "state": "passed",
                  "speed": "slow",
                  "pass": true,
                  "fail": false,
                  "pending": false,
                  "context": null,
                  "code": "cy.visit(link.url);\ncy.wait(2000);\n// Verify page loaded\ncy.url().should(\"include\", link.url);\ncy.get(\"main\").should(\"be.visible\");",
                  "err": {},
                  "uuid": "c8f3a573-2e52-41db-8bb9-3c879862915f",
                  "parentUUID": "66aa9b9f-1b00-46fb-bad8-3df5026976cb",
                  "isHook": false,
                  "skipped": false
                },
                {
                  "title": "should navigate to About page",
                  "fullTitle": "Navigation and Page Load Test Main Navigation Links should navigate to About page",
                  "timedOut": null,
                  "duration": 24963,
                  "state": "passed",
                  "speed": "slow",
                  "pass": true,
                  "fail": false,
                  "pending": false,
                  "context": null,
                  "code": "// Click navigation link\ncy.contains(link.name).click();\ncy.wait(2000);\n// Verify URL changed\ncy.url().should(\"include\", link.url);\n// Verify page loaded\ncy.get(\"main\").should(\"be.visible\");\ncy.get(\"body\").should(\"not.be.empty\");",
                  "err": {},
                  "uuid": "be1f80f3-cf08-4cbd-9580-2a4699e16289",
                  "parentUUID": "66aa9b9f-1b00-46fb-bad8-3df5026976cb",
                  "isHook": false,
                  "skipped": false
                },
                {
                  "title": "should load About page directly",
                  "fullTitle": "Navigation and Page Load Test Main Navigation Links should load About page directly",
                  "timedOut": null,
                  "duration": 50860,
                  "state": "passed",
                  "speed": "slow",
                  "pass": true,
                  "fail": false,
                  "pending": false,
                  "context": null,
                  "code": "cy.visit(link.url);\ncy.wait(2000);\n// Verify page loaded\ncy.url().should(\"include\", link.url);\ncy.get(\"main\").should(\"be.visible\");",
                  "err": {},
                  "uuid": "05c0d1ed-372e-461e-810b-16176812caae",
                  "parentUUID": "66aa9b9f-1b00-46fb-bad8-3df5026976cb",
                  "isHook": false,
                  "skipped": false
                },
                {
                  "title": "should navigate to Services page",
                  "fullTitle": "Navigation and Page Load Test Main Navigation Links should navigate to Services page",
                  "timedOut": null,
                  "duration": 23340,
                  "state": "passed",
                  "speed": "slow",
                  "pass": true,
                  "fail": false,
                  "pending": false,
                  "context": null,
                  "code": "// Click navigation link\ncy.contains(link.name).click();\ncy.wait(2000);\n// Verify URL changed\ncy.url().should(\"include\", link.url);\n// Verify page loaded\ncy.get(\"main\").should(\"be.visible\");\ncy.get(\"body\").should(\"not.be.empty\");",
                  "err": {},
                  "uuid": "8585d6ca-b4fa-4832-a3a3-628651175ef1",
                  "parentUUID": "66aa9b9f-1b00-46fb-bad8-3df5026976cb",
                  "isHook": false,
                  "skipped": false
                },
                {
                  "title": "should load Services page directly",
                  "fullTitle": "Navigation and Page Load Test Main Navigation Links should load Services page directly",
                  "timedOut": null,
                  "duration": 31677,
                  "state": "passed",
                  "speed": "slow",
                  "pass": true,
                  "fail": false,
                  "pending": false,
                  "context": null,
                  "code": "cy.visit(link.url);\ncy.wait(2000);\n// Verify page loaded\ncy.url().should(\"include\", link.url);\ncy.get(\"main\").should(\"be.visible\");",
                  "err": {},
                  "uuid": "d1eaf36a-1b9a-4447-8b41-ee377632bf21",
                  "parentUUID": "66aa9b9f-1b00-46fb-bad8-3df5026976cb",
                  "isHook": false,
                  "skipped": false
                },
                {
                  "title": "should navigate to Career page",
                  "fullTitle": "Navigation and Page Load Test Main Navigation Links should navigate to Career page",
                  "timedOut": null,
                  "duration": 27570,
                  "state": "passed",
                  "speed": "slow",
                  "pass": true,
                  "fail": false,
                  "pending": false,
                  "context": null,
                  "code": "// Click navigation link\ncy.contains(link.name).click();\ncy.wait(2000);\n// Verify URL changed\ncy.url().should(\"include\", link.url);\n// Verify page loaded\ncy.get(\"main\").should(\"be.visible\");\ncy.get(\"body\").should(\"not.be.empty\");",
                  "err": {},
                  "uuid": "611b4a31-40fc-45ae-a475-aba292f40138",
                  "parentUUID": "66aa9b9f-1b00-46fb-bad8-3df5026976cb",
                  "isHook": false,
                  "skipped": false
                },
                {
                  "title": "should load Career page directly",
                  "fullTitle": "Navigation and Page Load Test Main Navigation Links should load Career page directly",
                  "timedOut": null,
                  "duration": 36627,
                  "state": "passed",
                  "speed": "slow",
                  "pass": true,
                  "fail": false,
                  "pending": false,
                  "context": null,
                  "code": "cy.visit(link.url);\ncy.wait(2000);\n// Verify page loaded\ncy.url().should(\"include\", link.url);\ncy.get(\"main\").should(\"be.visible\");",
                  "err": {},
                  "uuid": "170bbbf6-87fc-461b-90bc-5e50bd6ad439",
                  "parentUUID": "66aa9b9f-1b00-46fb-bad8-3df5026976cb",
                  "isHook": false,
                  "skipped": false
                },
                {
                  "title": "should navigate to Specials page",
                  "fullTitle": "Navigation and Page Load Test Main Navigation Links should navigate to Specials page",
                  "timedOut": null,
                  "duration": 30021,
                  "state": "passed",
                  "speed": "slow",
                  "pass": true,
                  "fail": false,
                  "pending": false,
                  "context": null,
                  "code": "// Click navigation link\ncy.contains(link.name).click();\ncy.wait(2000);\n// Verify URL changed\ncy.url().should(\"include\", link.url);\n// Verify page loaded\ncy.get(\"main\").should(\"be.visible\");\ncy.get(\"body\").should(\"not.be.empty\");",
                  "err": {},
                  "uuid": "9235f297-02f0-4939-b2f9-b2f7e41a0d96",
                  "parentUUID": "66aa9b9f-1b00-46fb-bad8-3df5026976cb",
                  "isHook": false,
                  "skipped": false
                },
                {
                  "title": "should load Specials page directly",
                  "fullTitle": "Navigation and Page Load Test Main Navigation Links should load Specials page directly",
                  "timedOut": null,
                  "duration": 32256,
                  "state": "passed",
                  "speed": "slow",
                  "pass": true,
                  "fail": false,
                  "pending": false,
                  "context": null,
                  "code": "cy.visit(link.url);\ncy.wait(2000);\n// Verify page loaded\ncy.url().should(\"include\", link.url);\ncy.get(\"main\").should(\"be.visible\");",
                  "err": {},
                  "uuid": "1688db95-e17c-4e07-acb4-060ce64c638b",
                  "parentUUID": "66aa9b9f-1b00-46fb-bad8-3df5026976cb",
                  "isHook": false,
                  "skipped": false
                },
                {
                  "title": "should navigate to Contact page",
                  "fullTitle": "Navigation and Page Load Test Main Navigation Links should navigate to Contact page",
                  "timedOut": null,
                  "duration": 18438,
                  "state": "passed",
                  "speed": "slow",
                  "pass": true,
                  "fail": false,
                  "pending": false,
                  "context": null,
                  "code": "// Click navigation link\ncy.contains(link.name).click();\ncy.wait(2000);\n// Verify URL changed\ncy.url().should(\"include\", link.url);\n// Verify page loaded\ncy.get(\"main\").should(\"be.visible\");\ncy.get(\"body\").should(\"not.be.empty\");",
                  "err": {},
                  "uuid": "641e6262-36a7-4207-91c1-778d19945cc4",
                  "parentUUID": "66aa9b9f-1b00-46fb-bad8-3df5026976cb",
                  "isHook": false,
                  "skipped": false
                },
                {
                  "title": "should load Contact page directly",
                  "fullTitle": "Navigation and Page Load Test Main Navigation Links should load Contact page directly",
                  "timedOut": null,
                  "duration": 29322,
                  "state": "passed",
                  "speed": "slow",
                  "pass": true,
                  "fail": false,
                  "pending": false,
                  "context": null,
                  "code": "cy.visit(link.url);\ncy.wait(2000);\n// Verify page loaded\ncy.url().should(\"include\", link.url);\ncy.get(\"main\").should(\"be.visible\");",
                  "err": {},
                  "uuid": "1ad58e07-1265-4a07-9f54-0df28d678323",
                  "parentUUID": "66aa9b9f-1b00-46fb-bad8-3df5026976cb",
                  "isHook": false,
                  "skipped": false
                }
              ],
              "suites": [],
              "passes": [
                "496f3c81-a16a-4dba-bb27-4ce0155e89c4",
                "c8f3a573-2e52-41db-8bb9-3c879862915f",
                "be1f80f3-cf08-4cbd-9580-2a4699e16289",
                "05c0d1ed-372e-461e-810b-16176812caae",
                "8585d6ca-b4fa-4832-a3a3-628651175ef1",
                "d1eaf36a-1b9a-4447-8b41-ee377632bf21",
                "611b4a31-40fc-45ae-a475-aba292f40138",
                "170bbbf6-87fc-461b-90bc-5e50bd6ad439",
                "9235f297-02f0-4939-b2f9-b2f7e41a0d96",
                "1688db95-e17c-4e07-acb4-060ce64c638b",
                "641e6262-36a7-4207-91c1-778d19945cc4",
                "1ad58e07-1265-4a07-9f54-0df28d678323"
              ],
              "failures": [],
              "pending": [],
              "skipped": [],
              "duration": 348579,
              "root": false,
              "rootEmpty": false,
              "_timeout": 2000
            },
            {
              "uuid": "eec64b20-58f2-4612-909d-b5a9ac41debc",
              "title": "Services Page Navigation",
              "fullFile": "",
              "file": "",
              "beforeHooks": [],
              "afterHooks": [],
              "tests": [
                {
                  "title": "should load services page with service cards",
                  "fullTitle": "Navigation and Page Load Test Services Page Navigation should load services page with service cards",
                  "timedOut": null,
                  "duration": 30445,
                  "state": "passed",
                  "speed": "slow",
                  "pass": true,
                  "fail": false,
                  "pending": false,
                  "context": null,
                  "code": "cy.get(\"main\").should(\"be.visible\");\n// Check for service cards\ncy.get(\"article\").should(\"exist\");",
                  "err": {},
                  "uuid": "f5b7721a-0ea9-43c7-8a98-92264bbd011e",
                  "parentUUID": "eec64b20-58f2-4612-909d-b5a9ac41debc",
                  "isHook": false,
                  "skipped": false
                },
                {
                  "title": "should navigate to individual service pages",
                  "fullTitle": "Navigation and Page Load Test Services Page Navigation should navigate to individual service pages",
                  "timedOut": null,
                  "duration": 38111,
                  "state": "failed",
                  "speed": null,
                  "pass": false,
                  "fail": true,
                  "pending": false,
                  "context": null,
                  "code": "// Find first service link\ncy.get('a[href*=\"/services/\"]')\n    .first()\n    .then(function ($link) {\n    var href = $link.attr(\"href\");\n    // Click the service\n    cy.wrap($link).click();\n    cy.wait(2000);\n    // Verify we're on service detail page\n    cy.url().should(\"include\", \"/services/\");\n    cy.get(\"main\").should(\"be.visible\");\n    // Verify service content loaded\n    cy.get(\"h1\").should(\"be.visible\");\n});",
                  "err": {
                    "message": "AssertionError: Timed out retrying after 10000ms: Expected to find element: `a[href*=\"/services/\"]`, but never found it.",
                    "estack": "AssertionError: Timed out retrying after 10000ms: Expected to find element: `a[href*=\"/services/\"]`, but never found it.\n    at Context.eval (webpack://clinica-san-miguel/./cypress/e2e/navigation.cy.ts:76:0)",
                    "diff": null
                  },
                  "uuid": "b31ada78-456f-4c8f-b724-b67424b51b6a",
                  "parentUUID": "eec64b20-58f2-4612-909d-b5a9ac41debc",
                  "isHook": false,
                  "skipped": false
                },
                {
                  "title": "should display all services without errors",
                  "fullTitle": "Navigation and Page Load Test Services Page Navigation should display all services without errors",
                  "timedOut": null,
                  "duration": 37239,
                  "state": "failed",
                  "speed": null,
                  "pass": false,
                  "fail": true,
                  "pending": false,
                  "context": null,
                  "code": "// Get all service cards\ncy.get('a[href*=\"/services/\"]').each(function ($link, index) {\n    if (index < 5) {\n        // Test first 5 services\n        var href = $link.attr(\"href\");\n        cy.visit(href);\n        cy.wait(2000);\n        // Verify page loaded successfully\n        cy.get(\"main\").should(\"be.visible\");\n        cy.get(\"h1\").should(\"be.visible\");\n        // Go back to services page\n        cy.visit(\"/services\");\n        cy.wait(1500);\n    }\n});",
                  "err": {
                    "message": "AssertionError: Timed out retrying after 10000ms: Expected to find element: `a[href*=\"/services/\"]`, but never found it.",
                    "estack": "AssertionError: Timed out retrying after 10000ms: Expected to find element: `a[href*=\"/services/\"]`, but never found it.\n    at Context.eval (webpack://clinica-san-miguel/./cypress/e2e/navigation.cy.ts:92:0)",
                    "diff": null
                  },
                  "uuid": "b08df49b-086f-4ea8-92ee-f2479b1f2c20",
                  "parentUUID": "eec64b20-58f2-4612-909d-b5a9ac41debc",
                  "isHook": false,
                  "skipped": false
                }
              ],
              "suites": [],
              "passes": [
                "f5b7721a-0ea9-43c7-8a98-92264bbd011e"
              ],
              "failures": [
                "b31ada78-456f-4c8f-b724-b67424b51b6a",
                "b08df49b-086f-4ea8-92ee-f2479b1f2c20"
              ],
              "pending": [],
              "skipped": [],
              "duration": 105795,
              "root": false,
              "rootEmpty": false,
              "_timeout": 2000
            },
            {
              "uuid": "91245dc5-6698-4fcd-bcdb-1144a4b9a62d",
              "title": "Additional Services",
              "fullFile": "",
              "file": "",
              "beforeHooks": [],
              "afterHooks": [],
              "tests": [
                {
                  "title": "should load additional services page",
                  "fullTitle": "Navigation and Page Load Test Additional Services should load additional services page",
                  "timedOut": null,
                  "duration": 46932,
                  "state": "passed",
                  "speed": "slow",
                  "pass": true,
                  "fail": false,
                  "pending": false,
                  "context": null,
                  "code": "cy.visit(\"/additionalservices\");\ncy.wait(2000);\ncy.get(\"main\").should(\"be.visible\");\ncy.contains(\"additional services\").should(\"be.visible\");",
                  "err": {},
                  "uuid": "4469b041-169d-45b2-9e63-468c419c3a75",
                  "parentUUID": "91245dc5-6698-4fcd-bcdb-1144a4b9a62d",
                  "isHook": false,
                  "skipped": false
                }
              ],
              "suites": [],
              "passes": [
                "4469b041-169d-45b2-9e63-468c419c3a75"
              ],
              "failures": [],
              "pending": [],
              "skipped": [],
              "duration": 46932,
              "root": false,
              "rootEmpty": false,
              "_timeout": 2000
            },
            {
              "uuid": "4f88e6ac-88f3-4199-bc63-473ae4e9ea74",
              "title": "Special Offers Page",
              "fullFile": "",
              "file": "",
              "beforeHooks": [],
              "afterHooks": [],
              "tests": [
                {
                  "title": "should load special offers page",
                  "fullTitle": "Navigation and Page Load Test Special Offers Page should load special offers page",
                  "timedOut": null,
                  "duration": 35029,
                  "state": "passed",
                  "speed": "slow",
                  "pass": true,
                  "fail": false,
                  "pending": false,
                  "context": null,
                  "code": "cy.visit(\"/special\");\ncy.wait(2000);\ncy.get(\"main\").should(\"be.visible\");\ncy.get(\"h1\").should(\"be.visible\");",
                  "err": {},
                  "uuid": "10122fab-476a-43fc-a607-3f7e1f2285de",
                  "parentUUID": "4f88e6ac-88f3-4199-bc63-473ae4e9ea74",
                  "isHook": false,
                  "skipped": false
                },
                {
                  "title": "should display special offer posters",
                  "fullTitle": "Navigation and Page Load Test Special Offers Page should display special offer posters",
                  "timedOut": null,
                  "duration": 36513,
                  "state": "passed",
                  "speed": "slow",
                  "pass": true,
                  "fail": false,
                  "pending": false,
                  "context": null,
                  "code": "cy.visit(\"/special\");\ncy.wait(2000);\n// Check for images\ncy.get(\"img\").should(\"have.length.greaterThan\", 0);",
                  "err": {},
                  "uuid": "134f4d5d-3444-4c4d-a85c-53894f3a4a07",
                  "parentUUID": "4f88e6ac-88f3-4199-bc63-473ae4e9ea74",
                  "isHook": false,
                  "skipped": false
                }
              ],
              "suites": [],
              "passes": [
                "10122fab-476a-43fc-a607-3f7e1f2285de",
                "134f4d5d-3444-4c4d-a85c-53894f3a4a07"
              ],
              "failures": [],
              "pending": [],
              "skipped": [],
              "duration": 71542,
              "root": false,
              "rootEmpty": false,
              "_timeout": 2000
            },
            {
              "uuid": "de9e3c78-17e7-4abf-996b-fa381f658db6",
              "title": "Contact/Locations Page",
              "fullFile": "",
              "file": "",
              "beforeHooks": [],
              "afterHooks": [],
              "tests": [
                {
                  "title": "should load contact page",
                  "fullTitle": "Navigation and Page Load Test Contact/Locations Page should load contact page",
                  "timedOut": null,
                  "duration": 37592,
                  "state": "passed",
                  "speed": "slow",
                  "pass": true,
                  "fail": false,
                  "pending": false,
                  "context": null,
                  "code": "cy.visit(\"/contact\");\ncy.wait(2000);\ncy.get(\"main\").should(\"be.visible\");",
                  "err": {},
                  "uuid": "17f488d6-e7ed-4fb6-8458-669676b9f5c7",
                  "parentUUID": "de9e3c78-17e7-4abf-996b-fa381f658db6",
                  "isHook": false,
                  "skipped": false
                },
                {
                  "title": "should filter locations by city",
                  "fullTitle": "Navigation and Page Load Test Contact/Locations Page should filter locations by city",
                  "timedOut": null,
                  "duration": 31618,
                  "state": "passed",
                  "speed": "slow",
                  "pass": true,
                  "fail": false,
                  "pending": false,
                  "context": null,
                  "code": "cy.visit(\"/contact?city=dallas\");\ncy.wait(2000);\ncy.get(\"main\").should(\"be.visible\");\ncy.url().should(\"include\", \"city=dallas\");",
                  "err": {},
                  "uuid": "96db7bc8-7b15-4d62-bdb4-536f9bb73493",
                  "parentUUID": "de9e3c78-17e7-4abf-996b-fa381f658db6",
                  "isHook": false,
                  "skipped": false
                },
                {
                  "title": "should load individual location details",
                  "fullTitle": "Navigation and Page Load Test Contact/Locations Page should load individual location details",
                  "timedOut": null,
                  "duration": 38781,
                  "state": "failed",
                  "speed": null,
                  "pass": false,
                  "fail": true,
                  "pending": false,
                  "context": null,
                  "code": "cy.visit(\"/contact\");\ncy.wait(2000);\n// Click on a location if available\ncy.get('a[href*=\"/contact/\"]')\n    .first()\n    .then(function ($link) {\n    if ($link.length > 0) {\n        cy.wrap($link).click();\n        cy.wait(2000);\n        cy.get(\"main\").should(\"be.visible\");\n    }\n});",
                  "err": {
                    "message": "AssertionError: Timed out retrying after 10000ms: Expected to find element: `a[href*=\"/contact/\"]`, but never found it.",
                    "estack": "AssertionError: Timed out retrying after 10000ms: Expected to find element: `a[href*=\"/contact/\"]`, but never found it.\n    at Context.eval (webpack://clinica-san-miguel/./cypress/e2e/navigation.cy.ts:146:0)",
                    "diff": null
                  },
                  "uuid": "732dbe47-adb7-4873-ad48-ec63740c8b5d",
                  "parentUUID": "de9e3c78-17e7-4abf-996b-fa381f658db6",
                  "isHook": false,
                  "skipped": false
                }
              ],
              "suites": [],
              "passes": [
                "17f488d6-e7ed-4fb6-8458-669676b9f5c7",
                "96db7bc8-7b15-4d62-bdb4-536f9bb73493"
              ],
              "failures": [
                "732dbe47-adb7-4873-ad48-ec63740c8b5d"
              ],
              "pending": [],
              "skipped": [],
              "duration": 107991,
              "root": false,
              "rootEmpty": false,
              "_timeout": 2000
            },
            {
              "uuid": "73dc0ed4-7e59-483e-8094-c0ad9ade340e",
              "title": "About Page",
              "fullFile": "",
              "file": "",
              "beforeHooks": [],
              "afterHooks": [],
              "tests": [
                {
                  "title": "should load about page",
                  "fullTitle": "Navigation and Page Load Test About Page should load about page",
                  "timedOut": null,
                  "duration": 34703,
                  "state": "failed",
                  "speed": null,
                  "pass": false,
                  "fail": true,
                  "pending": false,
                  "context": null,
                  "code": "cy.visit(\"/about\");\ncy.wait(2000);\ncy.get(\"main\").should(\"be.visible\");\ncy.get(\"h1, h2\").should(\"be.visible\");",
                  "err": {
                    "message": "AssertionError: Timed out retrying after 10000ms: Expected to find element: `h1, h2`, but never found it.",
                    "estack": "AssertionError: Timed out retrying after 10000ms: Expected to find element: `h1, h2`, but never found it.\n    at Context.eval (webpack://clinica-san-miguel/./cypress/e2e/navigation.cy.ts:162:0)",
                    "diff": null
                  },
                  "uuid": "667bf3bb-c36f-414b-b544-2be8b73725ed",
                  "parentUUID": "73dc0ed4-7e59-483e-8094-c0ad9ade340e",
                  "isHook": false,
                  "skipped": false
                },
                {
                  "title": "should display company information",
                  "fullTitle": "Navigation and Page Load Test About Page should display company information",
                  "timedOut": null,
                  "duration": 25546,
                  "state": "passed",
                  "speed": "slow",
                  "pass": true,
                  "fail": false,
                  "pending": false,
                  "context": null,
                  "code": "cy.visit(\"/about\");\ncy.wait(2000);\n// Scroll through page\ncy.scrollTo(\"bottom\", { duration: 2000 });\n// Check content exists\ncy.get(\"main\").should(\"not.be.empty\");",
                  "err": {},
                  "uuid": "80c1449b-6e46-4031-8de3-85f852520207",
                  "parentUUID": "73dc0ed4-7e59-483e-8094-c0ad9ade340e",
                  "isHook": false,
                  "skipped": false
                }
              ],
              "suites": [],
              "passes": [
                "80c1449b-6e46-4031-8de3-85f852520207"
              ],
              "failures": [
                "667bf3bb-c36f-414b-b544-2be8b73725ed"
              ],
              "pending": [],
              "skipped": [],
              "duration": 60249,
              "root": false,
              "rootEmpty": false,
              "_timeout": 2000
            },
            {
              "uuid": "4ad623b4-de2e-41f3-a462-cf48dab29267",
              "title": "Career Page",
              "fullFile": "",
              "file": "",
              "beforeHooks": [],
              "afterHooks": [],
              "tests": [
                {
                  "title": "should load career page",
                  "fullTitle": "Navigation and Page Load Test Career Page should load career page",
                  "timedOut": null,
                  "duration": 36249,
                  "state": "passed",
                  "speed": "slow",
                  "pass": true,
                  "fail": false,
                  "pending": false,
                  "context": null,
                  "code": "cy.visit(\"/career\");\ncy.wait(2000);\ncy.get(\"main\").should(\"be.visible\");",
                  "err": {},
                  "uuid": "49a0e0af-355a-426d-97f6-bb8ead281ff2",
                  "parentUUID": "4ad623b4-de2e-41f3-a462-cf48dab29267",
                  "isHook": false,
                  "skipped": false
                }
              ],
              "suites": [],
              "passes": [
                "49a0e0af-355a-426d-97f6-bb8ead281ff2"
              ],
              "failures": [],
              "pending": [],
              "skipped": [],
              "duration": 36249,
              "root": false,
              "rootEmpty": false,
              "_timeout": 2000
            },
            {
              "uuid": "0fcc7dc4-0e7f-49b1-8677-7f647362cf79",
              "title": "Footer Links",
              "fullFile": "",
              "file": "",
              "beforeHooks": [],
              "afterHooks": [],
              "tests": [
                {
                  "title": "should navigate from footer links",
                  "fullTitle": "Navigation and Page Load Test Footer Links should navigate from footer links",
                  "timedOut": null,
                  "duration": 21326,
                  "state": "passed",
                  "speed": "slow",
                  "pass": true,
                  "fail": false,
                  "pending": false,
                  "context": null,
                  "code": "cy.scrollTo(\"bottom\");\ncy.wait(500);\n// Check footer is visible\ncy.get(\"footer\").should(\"be.visible\");\n// Test footer navigation links\ncy.get(\"footer\").within(function () {\n    cy.contains(\"Home\").should(\"exist\");\n    cy.contains(\"Services\").should(\"exist\");\n    cy.contains(\"Contact\").should(\"exist\");\n});",
                  "err": {},
                  "uuid": "95e15716-71f3-4504-aa3a-0ee34c66124e",
                  "parentUUID": "0fcc7dc4-0e7f-49b1-8677-7f647362cf79",
                  "isHook": false,
                  "skipped": false
                },
                {
                  "title": "should have working social media links",
                  "fullTitle": "Navigation and Page Load Test Footer Links should have working social media links",
                  "timedOut": null,
                  "duration": 16862,
                  "state": "passed",
                  "speed": "slow",
                  "pass": true,
                  "fail": false,
                  "pending": false,
                  "context": null,
                  "code": "cy.scrollTo(\"bottom\");\ncy.wait(500);\ncy.get(\"footer\").within(function () {\n    // Check for social icons (Facebook, Instagram, YouTube)\n    cy.get('a[href*=\"facebook\"], a[href*=\"instagram\"], a[href*=\"youtube\"]').should(\"have.length.greaterThan\", 0);\n});",
                  "err": {},
                  "uuid": "5039bc4f-b6c2-4026-9efb-8d79f28cea13",
                  "parentUUID": "0fcc7dc4-0e7f-49b1-8677-7f647362cf79",
                  "isHook": false,
                  "skipped": false
                }
              ],
              "suites": [],
              "passes": [
                "95e15716-71f3-4504-aa3a-0ee34c66124e",
                "5039bc4f-b6c2-4026-9efb-8d79f28cea13"
              ],
              "failures": [],
              "pending": [],
              "skipped": [],
              "duration": 38188,
              "root": false,
              "rootEmpty": false,
              "_timeout": 2000
            },
            {
              "uuid": "26d972c2-9620-49a5-80a3-2f971a7493ba",
              "title": "Back & Forward Navigation",
              "fullFile": "",
              "file": "",
              "beforeHooks": [],
              "afterHooks": [],
              "tests": [
                {
                  "title": "should handle browser back button",
                  "fullTitle": "Navigation and Page Load Test Back & Forward Navigation should handle browser back button",
                  "timedOut": null,
                  "duration": 53162,
                  "state": "passed",
                  "speed": "slow",
                  "pass": true,
                  "fail": false,
                  "pending": false,
                  "context": null,
                  "code": "cy.visit(\"/\");\ncy.wait(1500);\n// Navigate to services\ncy.visit(\"/services\");\ncy.wait(1500);\n// Go back\ncy.go(\"back\");\ncy.wait(1500);\n// Should be on homepage\ncy.url().should(\"not.include\", \"/services\");",
                  "err": {},
                  "uuid": "5d7e4e16-1c66-46e6-bdd9-6115321df700",
                  "parentUUID": "26d972c2-9620-49a5-80a3-2f971a7493ba",
                  "isHook": false,
                  "skipped": false
                },
                {
                  "title": "should handle browser forward button",
                  "fullTitle": "Navigation and Page Load Test Back & Forward Navigation should handle browser forward button",
                  "timedOut": null,
                  "duration": 67561,
                  "state": "passed",
                  "speed": "slow",
                  "pass": true,
                  "fail": false,
                  "pending": false,
                  "context": null,
                  "code": "cy.visit(\"/\");\ncy.wait(1500);\ncy.visit(\"/services\");\ncy.wait(1500);\ncy.go(\"back\");\ncy.wait(1500);\n// Go forward\ncy.go(\"forward\");\ncy.wait(1500);\ncy.url().should(\"include\", \"/services\");",
                  "err": {},
                  "uuid": "58f05dbf-4ef1-4e03-b447-158c08a8ccd8",
                  "parentUUID": "26d972c2-9620-49a5-80a3-2f971a7493ba",
                  "isHook": false,
                  "skipped": false
                }
              ],
              "suites": [],
              "passes": [
                "5d7e4e16-1c66-46e6-bdd9-6115321df700",
                "58f05dbf-4ef1-4e03-b447-158c08a8ccd8"
              ],
              "failures": [],
              "pending": [],
              "skipped": [],
              "duration": 120723,
              "root": false,
              "rootEmpty": false,
              "_timeout": 2000
            },
            {
              "uuid": "604f4d45-5761-4ec6-9bcd-4942edbc1eb3",
              "title": "Direct URL Access",
              "fullFile": "",
              "file": "",
              "beforeHooks": [],
              "afterHooks": [],
              "tests": [
                {
                  "title": "should load / directly via URL",
                  "fullTitle": "Navigation and Page Load Test Direct URL Access should load / directly via URL",
                  "timedOut": null,
                  "duration": 26006,
                  "state": "passed",
                  "speed": "slow",
                  "pass": true,
                  "fail": false,
                  "pending": false,
                  "context": null,
                  "code": "cy.visit(page);\ncy.wait(2000);\ncy.url().should(\"include\", page);\ncy.get(\"main\").should(\"be.visible\");\ncy.get(\"body\").should(\"not.be.empty\");",
                  "err": {},
                  "uuid": "22e61e16-fa5e-4fb9-8fa4-25c23067a18f",
                  "parentUUID": "604f4d45-5761-4ec6-9bcd-4942edbc1eb3",
                  "isHook": false,
                  "skipped": false
                },
                {
                  "title": "should load /about directly via URL",
                  "fullTitle": "Navigation and Page Load Test Direct URL Access should load /about directly via URL",
                  "timedOut": null,
                  "duration": 26704,
                  "state": "passed",
                  "speed": "slow",
                  "pass": true,
                  "fail": false,
                  "pending": false,
                  "context": null,
                  "code": "cy.visit(page);\ncy.wait(2000);\ncy.url().should(\"include\", page);\ncy.get(\"main\").should(\"be.visible\");\ncy.get(\"body\").should(\"not.be.empty\");",
                  "err": {},
                  "uuid": "0c1618a6-1e65-4eab-ae7c-7e601c7080ea",
                  "parentUUID": "604f4d45-5761-4ec6-9bcd-4942edbc1eb3",
                  "isHook": false,
                  "skipped": false
                },
                {
                  "title": "should load /services directly via URL",
                  "fullTitle": "Navigation and Page Load Test Direct URL Access should load /services directly via URL",
                  "timedOut": null,
                  "duration": 29087,
                  "state": "passed",
                  "speed": "slow",
                  "pass": true,
                  "fail": false,
                  "pending": false,
                  "context": null,
                  "code": "cy.visit(page);\ncy.wait(2000);\ncy.url().should(\"include\", page);\ncy.get(\"main\").should(\"be.visible\");\ncy.get(\"body\").should(\"not.be.empty\");",
                  "err": {},
                  "uuid": "260bba10-9f4e-4a67-bc13-fd600206c74f",
                  "parentUUID": "604f4d45-5761-4ec6-9bcd-4942edbc1eb3",
                  "isHook": false,
                  "skipped": false
                },
                {
                  "title": "should load /contact directly via URL",
                  "fullTitle": "Navigation and Page Load Test Direct URL Access should load /contact directly via URL",
                  "timedOut": null,
                  "duration": 27923,
                  "state": "passed",
                  "speed": "slow",
                  "pass": true,
                  "fail": false,
                  "pending": false,
                  "context": null,
                  "code": "cy.visit(page);\ncy.wait(2000);\ncy.url().should(\"include\", page);\ncy.get(\"main\").should(\"be.visible\");\ncy.get(\"body\").should(\"not.be.empty\");",
                  "err": {},
                  "uuid": "f3506e3d-c087-4ff9-a9d6-49c31d6da6bd",
                  "parentUUID": "604f4d45-5761-4ec6-9bcd-4942edbc1eb3",
                  "isHook": false,
                  "skipped": false
                },
                {
                  "title": "should load /career directly via URL",
                  "fullTitle": "Navigation and Page Load Test Direct URL Access should load /career directly via URL",
                  "timedOut": null,
                  "duration": 26269,
                  "state": "passed",
                  "speed": "slow",
                  "pass": true,
                  "fail": false,
                  "pending": false,
                  "context": null,
                  "code": "cy.visit(page);\ncy.wait(2000);\ncy.url().should(\"include\", page);\ncy.get(\"main\").should(\"be.visible\");\ncy.get(\"body\").should(\"not.be.empty\");",
                  "err": {},
                  "uuid": "6f2d63e7-8327-4416-b1a3-985591f103a2",
                  "parentUUID": "604f4d45-5761-4ec6-9bcd-4942edbc1eb3",
                  "isHook": false,
                  "skipped": false
                },
                {
                  "title": "should load /special directly via URL",
                  "fullTitle": "Navigation and Page Load Test Direct URL Access should load /special directly via URL",
                  "timedOut": null,
                  "duration": 31108,
                  "state": "passed",
                  "speed": "slow",
                  "pass": true,
                  "fail": false,
                  "pending": false,
                  "context": null,
                  "code": "cy.visit(page);\ncy.wait(2000);\ncy.url().should(\"include\", page);\ncy.get(\"main\").should(\"be.visible\");\ncy.get(\"body\").should(\"not.be.empty\");",
                  "err": {},
                  "uuid": "96fa2ef4-cff9-4c93-a08a-1a80191d3285",
                  "parentUUID": "604f4d45-5761-4ec6-9bcd-4942edbc1eb3",
                  "isHook": false,
                  "skipped": false
                },
                {
                  "title": "should load /additionalservices directly via URL",
                  "fullTitle": "Navigation and Page Load Test Direct URL Access should load /additionalservices directly via URL",
                  "timedOut": null,
                  "duration": 35941,
                  "state": "passed",
                  "speed": "slow",
                  "pass": true,
                  "fail": false,
                  "pending": false,
                  "context": null,
                  "code": "cy.visit(page);\ncy.wait(2000);\ncy.url().should(\"include\", page);\ncy.get(\"main\").should(\"be.visible\");\ncy.get(\"body\").should(\"not.be.empty\");",
                  "err": {},
                  "uuid": "6664c622-7cc0-4813-94cb-5b02b1bb5103",
                  "parentUUID": "604f4d45-5761-4ec6-9bcd-4942edbc1eb3",
                  "isHook": false,
                  "skipped": false
                }
              ],
              "suites": [],
              "passes": [
                "22e61e16-fa5e-4fb9-8fa4-25c23067a18f",
                "0c1618a6-1e65-4eab-ae7c-7e601c7080ea",
                "260bba10-9f4e-4a67-bc13-fd600206c74f",
                "f3506e3d-c087-4ff9-a9d6-49c31d6da6bd",
                "6f2d63e7-8327-4416-b1a3-985591f103a2",
                "96fa2ef4-cff9-4c93-a08a-1a80191d3285",
                "6664c622-7cc0-4813-94cb-5b02b1bb5103"
              ],
              "failures": [],
              "pending": [],
              "skipped": [],
              "duration": 203038,
              "root": false,
              "rootEmpty": false,
              "_timeout": 2000
            },
            {
              "uuid": "08d498b7-0b34-427a-8d83-a7847f202531",
              "title": "404 Error Handling",
              "fullFile": "",
              "file": "",
              "beforeHooks": [],
              "afterHooks": [],
              "tests": [
                {
                  "title": "should handle non-existent pages gracefully",
                  "fullTitle": "Navigation and Page Load Test 404 Error Handling should handle non-existent pages gracefully",
                  "timedOut": null,
                  "duration": 18354,
                  "state": "passed",
                  "speed": "slow",
                  "pass": true,
                  "fail": false,
                  "pending": false,
                  "context": null,
                  "code": "cy.visit(\"/this-page-does-not-exist\", { failOnStatusCode: false });\ncy.wait(2000);\n// Page should still load (Next.js handles 404)\ncy.get(\"body\").should(\"be.visible\");",
                  "err": {},
                  "uuid": "37852fbf-0126-41ad-a87a-162c1540860c",
                  "parentUUID": "08d498b7-0b34-427a-8d83-a7847f202531",
                  "isHook": false,
                  "skipped": false
                }
              ],
              "suites": [],
              "passes": [
                "37852fbf-0126-41ad-a87a-162c1540860c"
              ],
              "failures": [],
              "pending": [],
              "skipped": [],
              "duration": 18354,
              "root": false,
              "rootEmpty": false,
              "_timeout": 2000
            },
            {
              "uuid": "b1e1b492-82a7-4dd5-8996-d5b343415450",
              "title": "Page Performance",
              "fullFile": "",
              "file": "",
              "beforeHooks": [],
              "afterHooks": [],
              "tests": [
                {
                  "title": "should load pages within acceptable time",
                  "fullTitle": "Navigation and Page Load Test Page Performance should load pages within acceptable time",
                  "timedOut": null,
                  "duration": 26949,
                  "state": "failed",
                  "speed": null,
                  "pass": false,
                  "fail": true,
                  "pending": false,
                  "context": null,
                  "code": "var startTime = Date.now();\ncy.visit(\"/\");\ncy.get(\"main\")\n    .should(\"be.visible\")\n    .then(function () {\n    var loadTime = Date.now() - startTime;\n    // Should load within 5 seconds\n    expect(loadTime).to.be.lessThan(5000);\n});",
                  "err": {
                    "message": "AssertionError: expected 11849 to be below 5000",
                    "estack": "AssertionError: expected 11849 to be below 5000\n    at Context.eval (webpack://clinica-san-miguel/./cypress/e2e/navigation.cy.ts:265:0)",
                    "diff": "- 11849\n+ 5000\n"
                  },
                  "uuid": "39d8cdbf-b325-42f7-972e-6d9e74bc29be",
                  "parentUUID": "b1e1b492-82a7-4dd5-8996-d5b343415450",
                  "isHook": false,
                  "skipped": false
                }
              ],
              "suites": [],
              "passes": [],
              "failures": [
                "39d8cdbf-b325-42f7-972e-6d9e74bc29be"
              ],
              "pending": [],
              "skipped": [],
              "duration": 26949,
              "root": false,
              "rootEmpty": false,
              "_timeout": 2000
            },
            {
              "uuid": "7b1fd437-eb11-4c12-848f-b7bd1fc29c02",
              "title": "Scroll Behavior",
              "fullFile": "",
              "file": "",
              "beforeHooks": [],
              "afterHooks": [],
              "tests": [
                {
                  "title": "should maintain scroll position on back navigation",
                  "fullTitle": "Navigation and Page Load Test Scroll Behavior should maintain scroll position on back navigation",
                  "timedOut": null,
                  "duration": 58307,
                  "state": "passed",
                  "speed": "slow",
                  "pass": true,
                  "fail": false,
                  "pending": false,
                  "context": null,
                  "code": "cy.visit(\"/\");\ncy.wait(1500);\n// Scroll to bottom\ncy.scrollTo(\"bottom\");\ncy.wait(500);\n// Navigate to another page\ncy.visit(\"/services\");\ncy.wait(1500);\n// Go back\ncy.go(\"back\");\ncy.wait(1500);\n// Check we're back on homepage\ncy.url().should(\"not.include\", \"/services\");",
                  "err": {},
                  "uuid": "f024ce7e-461c-47e1-b91a-676e7a14e625",
                  "parentUUID": "7b1fd437-eb11-4c12-848f-b7bd1fc29c02",
                  "isHook": false,
                  "skipped": false
                },
                {
                  "title": "should scroll to top on new page navigation",
                  "fullTitle": "Navigation and Page Load Test Scroll Behavior should scroll to top on new page navigation",
                  "timedOut": null,
                  "duration": 32781,
                  "state": "passed",
                  "speed": "slow",
                  "pass": true,
                  "fail": false,
                  "pending": false,
                  "context": null,
                  "code": "cy.visit(\"/\");\ncy.wait(1500);\n// Scroll to bottom\ncy.scrollTo(\"bottom\");\ncy.wait(500);\n// Navigate to new page\ncy.contains(\"Services\").click();\ncy.wait(2000);\n// Should be scrolled to top\ncy.window().its(\"scrollY\").should(\"equal\", 0);",
                  "err": {},
                  "uuid": "873b2691-4727-4735-8412-f2f91cba324c",
                  "parentUUID": "7b1fd437-eb11-4c12-848f-b7bd1fc29c02",
                  "isHook": false,
                  "skipped": false
                }
              ],
              "suites": [],
              "passes": [
                "f024ce7e-461c-47e1-b91a-676e7a14e625",
                "873b2691-4727-4735-8412-f2f91cba324c"
              ],
              "failures": [],
              "pending": [],
              "skipped": [],
              "duration": 91088,
              "root": false,
              "rootEmpty": false,
              "_timeout": 2000
            }
          ],
          "passes": [],
          "failures": [],
          "pending": [],
          "skipped": [],
          "duration": 0,
          "root": false,
          "rootEmpty": false,
          "_timeout": 2000
        }
      ],
      "passes": [],
      "failures": [],
      "pending": [],
      "skipped": [],
      "duration": 0,
      "root": true,
      "rootEmpty": true,
      "_timeout": 2000
    }
  ],
  "meta": {
    "mocha": {
      "version": "7.0.1"
    },
    "mochawesome": {
      "options": {
        "quiet": false,
        "reportFilename": "mochawesome",
        "saveHtml": true,
        "saveJson": true,
        "consoleReporter": "spec",
        "useInlineDiffs": false,
        "code": true
      },
      "version": "7.1.4"
    },
    "marge": {
      "options": {
        "reportDir": "cypress/results",
        "overwrite": false,
        "html": true,
        "json": true,
        "timestamp": "mmddyyyy_HHMMss",
        "charts": true,
        "reportPageTitle": "Clinicsanmiguel Test Report",
        "embeddedScreenshots": true,
        "inlineAssets": true
      },
      "version": "6.3.2"
    }
  }
}